2018-11-13 === [main] === INFO  === com.atguigu.springboot.SpringBoot03LoggingApplication ==== Starting SpringBoot03LoggingApplication on suzl with PID 14552 (F:\workspace\IDEA_201712\springBoot_01\spring-boot-03-logging\target\classes started by suzl in F:\workspace\IDEA_201712\springBoot_01)
2018-11-13 === [main] === DEBUG === com.atguigu.springboot.SpringBoot03LoggingApplication ==== Running with Spring Boot v1.5.14.RELEASE, Spring v4.3.18.RELEASE
2018-11-13 === [main] === INFO  === com.atguigu.springboot.SpringBoot03LoggingApplication ==== No active profile set, falling back to default profiles: default
2018-11-13 === [main] === INFO  === org.springframework.boot.context.embedded.AnnotationConfigEmbeddedWebApplicationContext ==== Refreshing org.springframework.boot.context.embedded.AnnotationConfigEmbeddedWebApplicationContext@f5958c9: startup date [Tue Nov 13 10:29:07 CST 2018]; root of context hierarchy
2018-11-13 === [main] === INFO  === org.springframework.boot.context.embedded.tomcat.TomcatEmbeddedServletContainer ==== Tomcat initialized with port(s): 8080 (http)
2018-11-13 === [main] === INFO  === org.apache.catalina.core.StandardService ==== Starting service [Tomcat]
2018-11-13 === [main] === INFO  === org.apache.catalina.core.StandardEngine ==== Starting Servlet Engine: Apache Tomcat/8.5.31
2018-11-13 === [localhost-startStop-1] === INFO  === org.apache.catalina.core.ContainerBase.[Tomcat].[localhost].[/] ==== Initializing Spring embedded WebApplicationContext
2018-11-13 === [localhost-startStop-1] === INFO  === org.springframework.web.context.ContextLoader ==== Root WebApplicationContext: initialization completed in 1232 ms
2018-11-13 === [localhost-startStop-1] === INFO  === org.springframework.boot.web.servlet.ServletRegistrationBean ==== Mapping servlet: 'dispatcherServlet' to [/]
2018-11-13 === [localhost-startStop-1] === INFO  === org.springframework.boot.web.servlet.FilterRegistrationBean ==== Mapping filter: 'characterEncodingFilter' to: [/*]
2018-11-13 === [localhost-startStop-1] === INFO  === org.springframework.boot.web.servlet.FilterRegistrationBean ==== Mapping filter: 'hiddenHttpMethodFilter' to: [/*]
2018-11-13 === [localhost-startStop-1] === INFO  === org.springframework.boot.web.servlet.FilterRegistrationBean ==== Mapping filter: 'httpPutFormContentFilter' to: [/*]
2018-11-13 === [localhost-startStop-1] === INFO  === org.springframework.boot.web.servlet.FilterRegistrationBean ==== Mapping filter: 'requestContextFilter' to: [/*]
2018-11-13 === [main] === INFO  === org.springframework.web.servlet.mvc.method.annotation.RequestMappingHandlerAdapter ==== Looking for @ControllerAdvice: org.springframework.boot.context.embedded.AnnotationConfigEmbeddedWebApplicationContext@f5958c9: startup date [Tue Nov 13 10:29:07 CST 2018]; root of context hierarchy
2018-11-13 === [main] === INFO  === org.springframework.web.servlet.mvc.method.annotation.RequestMappingHandlerMapping ==== Mapped "{[/error]}" onto public org.springframework.http.ResponseEntity<java.util.Map<java.lang.String, java.lang.Object>> org.springframework.boot.autoconfigure.web.BasicErrorController.error(javax.servlet.http.HttpServletRequest)
2018-11-13 === [main] === INFO  === org.springframework.web.servlet.mvc.method.annotation.RequestMappingHandlerMapping ==== Mapped "{[/error],produces=[text/html]}" onto public org.springframework.web.servlet.ModelAndView org.springframework.boot.autoconfigure.web.BasicErrorController.errorHtml(javax.servlet.http.HttpServletRequest,javax.servlet.http.HttpServletResponse)
2018-11-13 === [main] === INFO  === org.springframework.web.servlet.handler.SimpleUrlHandlerMapping ==== Mapped URL path [/webjars/**] onto handler of type [class org.springframework.web.servlet.resource.ResourceHttpRequestHandler]
2018-11-13 === [main] === INFO  === org.springframework.web.servlet.handler.SimpleUrlHandlerMapping ==== Mapped URL path [/**] onto handler of type [class org.springframework.web.servlet.resource.ResourceHttpRequestHandler]
2018-11-13 === [main] === INFO  === org.springframework.web.servlet.handler.SimpleUrlHandlerMapping ==== Mapped URL path [/**/favicon.ico] onto handler of type [class org.springframework.web.servlet.resource.ResourceHttpRequestHandler]
2018-11-13 === [main] === INFO  === org.springframework.jmx.export.annotation.AnnotationMBeanExporter ==== Registering beans for JMX exposure on startup
2018-11-13 === [main] === INFO  === org.springframework.boot.context.embedded.tomcat.TomcatEmbeddedServletContainer ==== Tomcat started on port(s): 8080 (http)
2018-11-13 === [main] === INFO  === com.atguigu.springboot.SpringBoot03LoggingApplication ==== Started SpringBoot03LoggingApplication in 2.166 seconds (JVM running for 3.215)
